<?xml version="1.0" encoding="UTF-8"?>
<!-- Generated by org.testng.reporters.JUnitReportReporter -->
<testsuite hostname="DESKTOP-4R78T36" failures="0" tests="1" name="com.TestSenarios.Jri_signin" time="10.236" errors="0" timestamp="2019-12-11T20:58:53 CST" skipped="0">
  <testcase classname="com.TestSenarios.Jri_signin" name="f" time="10.236"/>
</testsuite> <!-- com.TestSenarios.Jri_signin -->
